Build started 5/3/2021 10:00:11 PM.
     1>Project "C:\Users\os\OneDrive\Documents\Visual Studio 2012\third\gameSDLcpp\gameSDLcpp\gameSDLcpp.vcxproj" on node 2 (Build target(s)).
     1>ClCompile:
         C:\Program Files (x86)\Microsoft Visual Studio 11.0\VC\bin\CL.exe /c /ZI /nologo /W3 /WX- /Od /Oy- /D WIN32 /D _DEBUG /D _CONSOLE /D _UNICODE /D UNICODE /Gm /EHsc /RTC1 /MDd /GS /fp:precise /Zc:wchar_t /Zc:forScope /Fo"Debug\\" /Fd"Debug\vc110.pdb" /Gd /TP /analyze- /errorReport:prompt MainObject.cpp
         MainObject.cpp
     1>c:\users\os\onedrive\documents\visual studio 2012\third\gamesdlcpp\gamesdlcpp\mainobject.cpp(116): warning C4018: '<' : signed/unsigned mismatch
     1>c:\users\os\onedrive\documents\visual studio 2012\third\gamesdlcpp\gamesdlcpp\mainobject.cpp(143): warning C4018: '<' : signed/unsigned mismatch
     1>c:\users\os\onedrive\documents\visual studio 2012\third\gamesdlcpp\gamesdlcpp\mainobject.cpp(145): warning C4018: '<' : signed/unsigned mismatch
       Link:
         C:\Program Files (x86)\Microsoft Visual Studio 11.0\VC\bin\link.exe /ERRORREPORT:PROMPT /OUT:"C:\Users\os\OneDrive\Documents\Visual Studio 2012\third\gameSDLcpp\Debug\gameSDLcpp.exe" /INCREMENTAL /NOLOGO SDL.lib SDLmain.lib SDL_image.lib SDL_mixer.lib SDL_ttf.lib kernel32.lib user32.lib gdi32.lib winspool.lib comdlg32.lib advapi32.lib shell32.lib ole32.lib oleaut32.lib uuid.lib odbc32.lib odbccp32.lib /MANIFEST /MANIFESTUAC:"level='asInvoker' uiAccess='false'" /manifest:embed /DEBUG /PDB:"C:\Users\os\OneDrive\Documents\Visual Studio 2012\third\gameSDLcpp\Debug\gameSDLcpp.pdb" /SUBSYSTEM:WINDOWS /TLBID:1 /DYNAMICBASE /NXCOMPAT /IMPLIB:"C:\Users\os\OneDrive\Documents\Visual Studio 2012\third\gameSDLcpp\Debug\gameSDLcpp.lib" /MACHINE:X86 Debug\BaseObject.obj
         Debug\bullet.obj
         Debug\ChickenObject.obj
         Debug\Coin.obj
         Debug\COMMON_FUNCTION.obj
         Debug\Explosion.obj
         Debug\MainObject.obj
         Debug\Menucpp.obj
         Debug\PlayerPower.obj
         Debug\Source.obj
         Debug\Text.obj
         gameSDLcpp.vcxproj -> C:\Users\os\OneDrive\Documents\Visual Studio 2012\third\gameSDLcpp\Debug\gameSDLcpp.exe
     1>Done Building Project "C:\Users\os\OneDrive\Documents\Visual Studio 2012\third\gameSDLcpp\gameSDLcpp\gameSDLcpp.vcxproj" (Build target(s)).

Build succeeded.

Time Elapsed 00:00:02.20
